INFO 2025-08-05 13:51:15,150 autoreload Watching for file changes with StatReloader
INFO 2025-08-05 13:51:48,604 autoreload /home/thiago/Projetos/gruporom/core/views/administracao/whatsapp.py changed, reloading.
INFO 2025-08-05 13:51:48,959 autoreload Watching for file changes with StatReloader
INFO 2025-08-05 13:51:59,168 autoreload /home/thiago/Projetos/gruporom/core/urls/administracao/whatsapp.py changed, reloading.
INFO 2025-08-05 13:51:59,515 autoreload Watching for file changes with StatReloader
INFO 2025-08-05 13:57:01,909 runserver [mHTTP GET /administracao/whatsapp/account/1/edit/ 200 [0.05, 127.0.0.1:48924][0m
INFO 2025-08-05 13:57:09,072 runserver [mHTTP POST /administracao/whatsapp/account/1/edit/ 200 [0.05, 127.0.0.1:48924][0m
INFO 2025-08-05 13:57:09,180 runserver [mHTTP GET /administracao/whatsapp/ 200 [0.07, 127.0.0.1:48924][0m
INFO 2025-08-05 13:57:09,212 runserver [36mHTTP GET /static/app.css 304 [0.00, 127.0.0.1:53396][0m
INFO 2025-08-05 13:57:09,212 runserver [36mHTTP GET /static/app.js 304 [0.00, 127.0.0.1:53408][0m
INFO 2025-08-05 13:57:09,214 runserver [mHTTP GET /static/style.css 200 [0.01, 127.0.0.1:48924][0m
INFO 2025-08-05 13:57:12,791 runserver [mHTTP GET /administracao/whatsapp/account/1/test/ 200 [0.02, 127.0.0.1:48924][0m
INFO 2025-08-05 13:57:37,820 runserver [mHTTP POST /administracao/whatsapp/account/1/test/ 200 [1.67, 127.0.0.1:48924][0m
INFO 2025-08-05 13:58:29,757 runserver [mHTTP GET /administracao/whatsapp/account/create/ 200 [0.05, 127.0.0.1:48924][0m
INFO 2025-08-05 13:58:36,974 runserver [mHTTP GET /administracao/whatsapp/account/1/test/ 200 [0.02, 127.0.0.1:48924][0m
INFO 2025-08-05 13:58:42,892 runserver [mHTTP GET /administracao/whatsapp/account/1/edit/ 200 [0.05, 127.0.0.1:48924][0m
INFO 2025-08-05 14:00:44,202 autoreload /home/thiago/Projetos/gruporom/core/models/whatsapp.py changed, reloading.
INFO 2025-08-05 14:00:44,569 autoreload Watching for file changes with StatReloader
INFO 2025-08-05 14:00:59,866 autoreload /home/thiago/Projetos/gruporom/core/models/__init__.py changed, reloading.
INFO 2025-08-05 14:01:00,213 autoreload Watching for file changes with StatReloader
INFO 2025-08-05 14:01:20,531 autoreload /home/thiago/Projetos/gruporom/core/forms/whatsapp.py changed, reloading.
INFO 2025-08-05 14:01:20,891 autoreload Watching for file changes with StatReloader
INFO 2025-08-05 14:02:38,817 autoreload /home/thiago/Projetos/gruporom/core/forms/whatsapp.py changed, reloading.
INFO 2025-08-05 14:02:39,162 autoreload Watching for file changes with StatReloader
INFO 2025-08-05 14:02:58,473 autoreload /home/thiago/Projetos/gruporom/core/views/administracao/whatsapp.py changed, reloading.
INFO 2025-08-05 14:02:58,826 autoreload Watching for file changes with StatReloader
INFO 2025-08-05 14:03:28,268 autoreload /home/thiago/Projetos/gruporom/core/views/administracao/whatsapp.py changed, reloading.
INFO 2025-08-05 14:03:28,622 autoreload Watching for file changes with StatReloader
INFO 2025-08-05 14:03:45,930 autoreload /home/thiago/Projetos/gruporom/core/urls/administracao/whatsapp.py changed, reloading.
INFO 2025-08-05 14:03:46,285 autoreload Watching for file changes with StatReloader
INFO 2025-08-05 14:07:45,676 runserver [mHTTP GET /administracao/whatsapp/ 200 [0.09, 127.0.0.1:45450][0m
INFO 2025-08-05 14:07:45,690 runserver [36mHTTP GET /static/app.css 304 [0.00, 127.0.0.1:45456][0m
INFO 2025-08-05 14:07:45,691 runserver [36mHTTP GET /static/style.css 304 [0.00, 127.0.0.1:45450][0m
INFO 2025-08-05 14:07:45,691 runserver [36mHTTP GET /static/app.js 304 [0.00, 127.0.0.1:45458][0m
ERROR 2025-08-05 14:07:51,203 log Internal Server Error: /administracao/whatsapp/account/1/templates/
Traceback (most recent call last):
  File "/home/thiago/Projetos/gruporom/.venv/lib/python3.11/site-packages/django/template/base.py", line 891, in _resolve_lookup
    current = current[bit]
              ~~~~~~~^^^^^
  File "/home/thiago/Projetos/gruporom/.venv/lib/python3.11/site-packages/django/template/context.py", line 88, in __getitem__
    raise KeyError(key)
KeyError: 'area'

During handling of the above exception, another exception occurred:

Traceback (most recent call last):
  File "/home/thiago/Projetos/gruporom/.venv/lib/python3.11/site-packages/django/template/base.py", line 897, in _resolve_lookup
    if isinstance(current, BaseContext) and getattr(
                                            ^^^^^^^^
AttributeError: type object 'RequestContext' has no attribute 'area'

During handling of the above exception, another exception occurred:

Traceback (most recent call last):
  File "/home/thiago/Projetos/gruporom/.venv/lib/python3.11/site-packages/django/template/base.py", line 907, in _resolve_lookup
    current = current[int(bit)]
                      ^^^^^^^^
ValueError: invalid literal for int() with base 10: 'area'

During handling of the above exception, another exception occurred:

Traceback (most recent call last):
  File "/home/thiago/Projetos/gruporom/.venv/lib/python3.11/site-packages/asgiref/sync.py", line 489, in thread_handler
    raise exc_info[1]
  File "/home/thiago/Projetos/gruporom/.venv/lib/python3.11/site-packages/django/core/handlers/exception.py", line 42, in inner
    response = await get_response(request)
               ^^^^^^^^^^^^^^^^^^^^^^^^^^^
  File "/home/thiago/Projetos/gruporom/.venv/lib/python3.11/site-packages/asgiref/sync.py", line 489, in thread_handler
    raise exc_info[1]
  File "/home/thiago/Projetos/gruporom/.venv/lib/python3.11/site-packages/django/core/handlers/base.py", line 253, in _get_response_async
    response = await wrapped_callback(
               ^^^^^^^^^^^^^^^^^^^^^^^
  File "/home/thiago/Projetos/gruporom/.venv/lib/python3.11/site-packages/asgiref/sync.py", line 439, in __call__
    ret = await asyncio.shield(exec_coro)
          ^^^^^^^^^^^^^^^^^^^^^^^^^^^^^^^
  File "/home/thiago/.local/share/uv/python/cpython-3.11.13-linux-x86_64-gnu/lib/python3.11/concurrent/futures/thread.py", line 58, in run
    result = self.fn(*self.args, **self.kwargs)
             ^^^^^^^^^^^^^^^^^^^^^^^^^^^^^^^^^^
  File "/home/thiago/Projetos/gruporom/.venv/lib/python3.11/site-packages/asgiref/sync.py", line 493, in thread_handler
    return func(*args, **kwargs)
           ^^^^^^^^^^^^^^^^^^^^^
  File "/home/thiago/.local/share/uv/python/cpython-3.11.13-linux-x86_64-gnu/lib/python3.11/contextlib.py", line 81, in inner
    return func(*args, **kwds)
           ^^^^^^^^^^^^^^^^^^^
  File "/home/thiago/Projetos/gruporom/.venv/lib/python3.11/site-packages/django/contrib/auth/decorators.py", line 59, in _view_wrapper
    return view_func(request, *args, **kwargs)
           ^^^^^^^^^^^^^^^^^^^^^^^^^^^^^^^^^^^
  File "/home/thiago/Projetos/gruporom/core/decorators.py", line 43, in wrapper
    return view_func(request, *args, **kwargs)
           ^^^^^^^^^^^^^^^^^^^^^^^^^^^^^^^^^^^
  File "/home/thiago/Projetos/gruporom/core/views/administracao/whatsapp.py", line 429, in templates_list
    return render(request, 'administracao/whatsapp/templates_list.html', context)
           ^^^^^^^^^^^^^^^^^^^^^^^^^^^^^^^^^^^^^^^^^^^^^^^^^^^^^^^^^^^^^^^^^^^^^^
  File "/home/thiago/Projetos/gruporom/.venv/lib/python3.11/site-packages/django/shortcuts.py", line 25, in render
    content = loader.render_to_string(template_name, context, request, using=using)
              ^^^^^^^^^^^^^^^^^^^^^^^^^^^^^^^^^^^^^^^^^^^^^^^^^^^^^^^^^^^^^^^^^^^^^
  File "/home/thiago/Projetos/gruporom/.venv/lib/python3.11/site-packages/django/template/loader.py", line 62, in render_to_string
    return template.render(context, request)
           ^^^^^^^^^^^^^^^^^^^^^^^^^^^^^^^^^
  File "/home/thiago/Projetos/gruporom/.venv/lib/python3.11/site-packages/django/template/backends/django.py", line 107, in render
    return self.template.render(context)
           ^^^^^^^^^^^^^^^^^^^^^^^^^^^^^
  File "/home/thiago/Projetos/gruporom/.venv/lib/python3.11/site-packages/django/template/base.py", line 171, in render
    return self._render(context)
           ^^^^^^^^^^^^^^^^^^^^^
  File "/home/thiago/Projetos/gruporom/.venv/lib/python3.11/site-packages/django/template/base.py", line 163, in _render
    return self.nodelist.render(context)
           ^^^^^^^^^^^^^^^^^^^^^^^^^^^^^
  File "/home/thiago/Projetos/gruporom/.venv/lib/python3.11/site-packages/django/template/base.py", line 1016, in render
    return SafeString("".join([node.render_annotated(context) for node in self]))
                              ^^^^^^^^^^^^^^^^^^^^^^^^^^^^^^^^^^^^^^^^^^^^^^^^^
  File "/home/thiago/Projetos/gruporom/.venv/lib/python3.11/site-packages/django/template/base.py", line 1016, in <listcomp>
    return SafeString("".join([node.render_annotated(context) for node in self]))
                               ^^^^^^^^^^^^^^^^^^^^^^^^^^^^^^
  File "/home/thiago/Projetos/gruporom/.venv/lib/python3.11/site-packages/django/template/base.py", line 977, in render_annotated
    return self.render(context)
           ^^^^^^^^^^^^^^^^^^^^
  File "/home/thiago/Projetos/gruporom/.venv/lib/python3.11/site-packages/django/template/loader_tags.py", line 159, in render
    return compiled_parent._render(context)
           ^^^^^^^^^^^^^^^^^^^^^^^^^^^^^^^^
  File "/home/thiago/Projetos/gruporom/.venv/lib/python3.11/site-packages/django/template/base.py", line 163, in _render
    return self.nodelist.render(context)
           ^^^^^^^^^^^^^^^^^^^^^^^^^^^^^
  File "/home/thiago/Projetos/gruporom/.venv/lib/python3.11/site-packages/django/template/base.py", line 1016, in render
    return SafeString("".join([node.render_annotated(context) for node in self]))
                              ^^^^^^^^^^^^^^^^^^^^^^^^^^^^^^^^^^^^^^^^^^^^^^^^^
  File "/home/thiago/Projetos/gruporom/.venv/lib/python3.11/site-packages/django/template/base.py", line 1016, in <listcomp>
    return SafeString("".join([node.render_annotated(context) for node in self]))
                               ^^^^^^^^^^^^^^^^^^^^^^^^^^^^^^
  File "/home/thiago/Projetos/gruporom/.venv/lib/python3.11/site-packages/django/template/base.py", line 977, in render_annotated
    return self.render(context)
           ^^^^^^^^^^^^^^^^^^^^
  File "/home/thiago/Projetos/gruporom/.venv/lib/python3.11/site-packages/django/template/loader_tags.py", line 210, in render
    return template.render(context)
           ^^^^^^^^^^^^^^^^^^^^^^^^
  File "/home/thiago/Projetos/gruporom/.venv/lib/python3.11/site-packages/django/template/base.py", line 173, in render
    return self._render(context)
           ^^^^^^^^^^^^^^^^^^^^^
  File "/home/thiago/Projetos/gruporom/.venv/lib/python3.11/site-packages/django/template/base.py", line 163, in _render
    return self.nodelist.render(context)
           ^^^^^^^^^^^^^^^^^^^^^^^^^^^^^
  File "/home/thiago/Projetos/gruporom/.venv/lib/python3.11/site-packages/django/template/base.py", line 1016, in render
    return SafeString("".join([node.render_annotated(context) for node in self]))
                              ^^^^^^^^^^^^^^^^^^^^^^^^^^^^^^^^^^^^^^^^^^^^^^^^^
  File "/home/thiago/Projetos/gruporom/.venv/lib/python3.11/site-packages/django/template/base.py", line 1016, in <listcomp>
    return SafeString("".join([node.render_annotated(context) for node in self]))
                               ^^^^^^^^^^^^^^^^^^^^^^^^^^^^^^
  File "/home/thiago/Projetos/gruporom/.venv/lib/python3.11/site-packages/django/template/base.py", line 977, in render_annotated
    return self.render(context)
           ^^^^^^^^^^^^^^^^^^^^
  File "/home/thiago/Projetos/gruporom/.venv/lib/python3.11/site-packages/django/template/loader_tags.py", line 182, in render
    template = self.template.resolve(context)
               ^^^^^^^^^^^^^^^^^^^^^^^^^^^^^^
  File "/home/thiago/Projetos/gruporom/.venv/lib/python3.11/site-packages/django/template/base.py", line 743, in resolve
    arg_vals.append(arg.resolve(context))
                    ^^^^^^^^^^^^^^^^^^^^
  File "/home/thiago/Projetos/gruporom/.venv/lib/python3.11/site-packages/django/template/base.py", line 854, in resolve
    value = self._resolve_lookup(context)
            ^^^^^^^^^^^^^^^^^^^^^^^^^^^^^
  File "/home/thiago/Projetos/gruporom/.venv/lib/python3.11/site-packages/django/template/base.py", line 914, in _resolve_lookup
    raise VariableDoesNotExist(
django.template.base.VariableDoesNotExist: Failed lookup for key [area] in [{'True': True, 'False': False, 'None': None}, {}, {}, {'account': <WhatsAppAccount: Grupo ROM - Teste (+15551823792)>, 'page_obj': <Page 1 of 1>, 'search': '', 'status_filter': '', 'category_filter': '', 'stats': {'total': 0, 'approved': 0, 'pending': 0, 'rejected': 0}, 'status_choices': [('pending', 'Pendente'), ('approved', 'Aprovado'), ('rejected', 'Rejeitado'), ('disabled', 'Desabilitado')], 'category_choices': [('marketing', 'Marketing'), ('utility', 'Utilidade'), ('authentication', 'Autenticação')]}]
ERROR 2025-08-05 14:07:51,206 runserver [35;1mHTTP GET /administracao/whatsapp/account/1/templates/ 500 [0.08, 127.0.0.1:45450][0m
ERROR 2025-08-05 14:07:59,495 log Internal Server Error: /administracao/whatsapp/account/1/templates/
Traceback (most recent call last):
  File "/home/thiago/Projetos/gruporom/.venv/lib/python3.11/site-packages/django/template/base.py", line 891, in _resolve_lookup
    current = current[bit]
              ~~~~~~~^^^^^
  File "/home/thiago/Projetos/gruporom/.venv/lib/python3.11/site-packages/django/template/context.py", line 88, in __getitem__
    raise KeyError(key)
KeyError: 'area'

During handling of the above exception, another exception occurred:

Traceback (most recent call last):
  File "/home/thiago/Projetos/gruporom/.venv/lib/python3.11/site-packages/django/template/base.py", line 897, in _resolve_lookup
    if isinstance(current, BaseContext) and getattr(
                                            ^^^^^^^^
AttributeError: type object 'RequestContext' has no attribute 'area'

During handling of the above exception, another exception occurred:

Traceback (most recent call last):
  File "/home/thiago/Projetos/gruporom/.venv/lib/python3.11/site-packages/django/template/base.py", line 907, in _resolve_lookup
    current = current[int(bit)]
                      ^^^^^^^^
ValueError: invalid literal for int() with base 10: 'area'

During handling of the above exception, another exception occurred:

Traceback (most recent call last):
  File "/home/thiago/Projetos/gruporom/.venv/lib/python3.11/site-packages/asgiref/sync.py", line 489, in thread_handler
    raise exc_info[1]
  File "/home/thiago/Projetos/gruporom/.venv/lib/python3.11/site-packages/django/core/handlers/exception.py", line 42, in inner
    response = await get_response(request)
               ^^^^^^^^^^^^^^^^^^^^^^^^^^^
  File "/home/thiago/Projetos/gruporom/.venv/lib/python3.11/site-packages/asgiref/sync.py", line 489, in thread_handler
    raise exc_info[1]
  File "/home/thiago/Projetos/gruporom/.venv/lib/python3.11/site-packages/django/core/handlers/base.py", line 253, in _get_response_async
    response = await wrapped_callback(
               ^^^^^^^^^^^^^^^^^^^^^^^
  File "/home/thiago/Projetos/gruporom/.venv/lib/python3.11/site-packages/asgiref/sync.py", line 439, in __call__
    ret = await asyncio.shield(exec_coro)
          ^^^^^^^^^^^^^^^^^^^^^^^^^^^^^^^
  File "/home/thiago/.local/share/uv/python/cpython-3.11.13-linux-x86_64-gnu/lib/python3.11/concurrent/futures/thread.py", line 58, in run
    result = self.fn(*self.args, **self.kwargs)
             ^^^^^^^^^^^^^^^^^^^^^^^^^^^^^^^^^^
  File "/home/thiago/Projetos/gruporom/.venv/lib/python3.11/site-packages/asgiref/sync.py", line 493, in thread_handler
    return func(*args, **kwargs)
           ^^^^^^^^^^^^^^^^^^^^^
  File "/home/thiago/.local/share/uv/python/cpython-3.11.13-linux-x86_64-gnu/lib/python3.11/contextlib.py", line 81, in inner
    return func(*args, **kwds)
           ^^^^^^^^^^^^^^^^^^^
  File "/home/thiago/Projetos/gruporom/.venv/lib/python3.11/site-packages/django/contrib/auth/decorators.py", line 59, in _view_wrapper
    return view_func(request, *args, **kwargs)
           ^^^^^^^^^^^^^^^^^^^^^^^^^^^^^^^^^^^
  File "/home/thiago/Projetos/gruporom/core/decorators.py", line 43, in wrapper
    return view_func(request, *args, **kwargs)
           ^^^^^^^^^^^^^^^^^^^^^^^^^^^^^^^^^^^
  File "/home/thiago/Projetos/gruporom/core/views/administracao/whatsapp.py", line 429, in templates_list
    return render(request, 'administracao/whatsapp/templates_list.html', context)
           ^^^^^^^^^^^^^^^^^^^^^^^^^^^^^^^^^^^^^^^^^^^^^^^^^^^^^^^^^^^^^^^^^^^^^^
  File "/home/thiago/Projetos/gruporom/.venv/lib/python3.11/site-packages/django/shortcuts.py", line 25, in render
    content = loader.render_to_string(template_name, context, request, using=using)
              ^^^^^^^^^^^^^^^^^^^^^^^^^^^^^^^^^^^^^^^^^^^^^^^^^^^^^^^^^^^^^^^^^^^^^
  File "/home/thiago/Projetos/gruporom/.venv/lib/python3.11/site-packages/django/template/loader.py", line 62, in render_to_string
    return template.render(context, request)
           ^^^^^^^^^^^^^^^^^^^^^^^^^^^^^^^^^
  File "/home/thiago/Projetos/gruporom/.venv/lib/python3.11/site-packages/django/template/backends/django.py", line 107, in render
    return self.template.render(context)
           ^^^^^^^^^^^^^^^^^^^^^^^^^^^^^
  File "/home/thiago/Projetos/gruporom/.venv/lib/python3.11/site-packages/django/template/base.py", line 171, in render
    return self._render(context)
           ^^^^^^^^^^^^^^^^^^^^^
  File "/home/thiago/Projetos/gruporom/.venv/lib/python3.11/site-packages/django/template/base.py", line 163, in _render
    return self.nodelist.render(context)
           ^^^^^^^^^^^^^^^^^^^^^^^^^^^^^
  File "/home/thiago/Projetos/gruporom/.venv/lib/python3.11/site-packages/django/template/base.py", line 1016, in render
    return SafeString("".join([node.render_annotated(context) for node in self]))
                              ^^^^^^^^^^^^^^^^^^^^^^^^^^^^^^^^^^^^^^^^^^^^^^^^^
  File "/home/thiago/Projetos/gruporom/.venv/lib/python3.11/site-packages/django/template/base.py", line 1016, in <listcomp>
    return SafeString("".join([node.render_annotated(context) for node in self]))
                               ^^^^^^^^^^^^^^^^^^^^^^^^^^^^^^
  File "/home/thiago/Projetos/gruporom/.venv/lib/python3.11/site-packages/django/template/base.py", line 977, in render_annotated
    return self.render(context)
           ^^^^^^^^^^^^^^^^^^^^
  File "/home/thiago/Projetos/gruporom/.venv/lib/python3.11/site-packages/django/template/loader_tags.py", line 159, in render
    return compiled_parent._render(context)
           ^^^^^^^^^^^^^^^^^^^^^^^^^^^^^^^^
  File "/home/thiago/Projetos/gruporom/.venv/lib/python3.11/site-packages/django/template/base.py", line 163, in _render
    return self.nodelist.render(context)
           ^^^^^^^^^^^^^^^^^^^^^^^^^^^^^
  File "/home/thiago/Projetos/gruporom/.venv/lib/python3.11/site-packages/django/template/base.py", line 1016, in render
    return SafeString("".join([node.render_annotated(context) for node in self]))
                              ^^^^^^^^^^^^^^^^^^^^^^^^^^^^^^^^^^^^^^^^^^^^^^^^^
  File "/home/thiago/Projetos/gruporom/.venv/lib/python3.11/site-packages/django/template/base.py", line 1016, in <listcomp>
    return SafeString("".join([node.render_annotated(context) for node in self]))
                               ^^^^^^^^^^^^^^^^^^^^^^^^^^^^^^
  File "/home/thiago/Projetos/gruporom/.venv/lib/python3.11/site-packages/django/template/base.py", line 977, in render_annotated
    return self.render(context)
           ^^^^^^^^^^^^^^^^^^^^
  File "/home/thiago/Projetos/gruporom/.venv/lib/python3.11/site-packages/django/template/loader_tags.py", line 210, in render
    return template.render(context)
           ^^^^^^^^^^^^^^^^^^^^^^^^
  File "/home/thiago/Projetos/gruporom/.venv/lib/python3.11/site-packages/django/template/base.py", line 173, in render
    return self._render(context)
           ^^^^^^^^^^^^^^^^^^^^^
  File "/home/thiago/Projetos/gruporom/.venv/lib/python3.11/site-packages/django/template/base.py", line 163, in _render
    return self.nodelist.render(context)
           ^^^^^^^^^^^^^^^^^^^^^^^^^^^^^
  File "/home/thiago/Projetos/gruporom/.venv/lib/python3.11/site-packages/django/template/base.py", line 1016, in render
    return SafeString("".join([node.render_annotated(context) for node in self]))
                              ^^^^^^^^^^^^^^^^^^^^^^^^^^^^^^^^^^^^^^^^^^^^^^^^^
  File "/home/thiago/Projetos/gruporom/.venv/lib/python3.11/site-packages/django/template/base.py", line 1016, in <listcomp>
    return SafeString("".join([node.render_annotated(context) for node in self]))
                               ^^^^^^^^^^^^^^^^^^^^^^^^^^^^^^
  File "/home/thiago/Projetos/gruporom/.venv/lib/python3.11/site-packages/django/template/base.py", line 977, in render_annotated
    return self.render(context)
           ^^^^^^^^^^^^^^^^^^^^
  File "/home/thiago/Projetos/gruporom/.venv/lib/python3.11/site-packages/django/template/loader_tags.py", line 182, in render
    template = self.template.resolve(context)
               ^^^^^^^^^^^^^^^^^^^^^^^^^^^^^^
  File "/home/thiago/Projetos/gruporom/.venv/lib/python3.11/site-packages/django/template/base.py", line 743, in resolve
    arg_vals.append(arg.resolve(context))
                    ^^^^^^^^^^^^^^^^^^^^
  File "/home/thiago/Projetos/gruporom/.venv/lib/python3.11/site-packages/django/template/base.py", line 854, in resolve
    value = self._resolve_lookup(context)
            ^^^^^^^^^^^^^^^^^^^^^^^^^^^^^
  File "/home/thiago/Projetos/gruporom/.venv/lib/python3.11/site-packages/django/template/base.py", line 914, in _resolve_lookup
    raise VariableDoesNotExist(
django.template.base.VariableDoesNotExist: Failed lookup for key [area] in [{'True': True, 'False': False, 'None': None}, {}, {}, {'account': <WhatsAppAccount: Grupo ROM - Teste (+15551823792)>, 'page_obj': <Page 1 of 1>, 'search': '', 'status_filter': '', 'category_filter': '', 'stats': {'total': 0, 'approved': 0, 'pending': 0, 'rejected': 0}, 'status_choices': [('pending', 'Pendente'), ('approved', 'Aprovado'), ('rejected', 'Rejeitado'), ('disabled', 'Desabilitado')], 'category_choices': [('marketing', 'Marketing'), ('utility', 'Utilidade'), ('authentication', 'Autenticação')]}]
ERROR 2025-08-05 14:07:59,498 runserver [35;1mHTTP GET /administracao/whatsapp/account/1/templates/ 500 [0.08, 127.0.0.1:45450][0m
INFO 2025-08-05 14:08:38,747 autoreload /home/thiago/Projetos/gruporom/core/views/administracao/whatsapp.py changed, reloading.
INFO 2025-08-05 14:08:39,108 autoreload Watching for file changes with StatReloader
INFO 2025-08-05 14:08:45,900 runserver [mHTTP GET /administracao/whatsapp/account/1/templates/ 200 [0.07, 127.0.0.1:47712][0m
INFO 2025-08-05 14:08:54,543 runserver [mHTTP GET /administracao/whatsapp/template/create/ 200 [0.05, 127.0.0.1:47712][0m
INFO 2025-08-05 14:14:30,874 runserver [mHTTP POST /administracao/whatsapp/template/create/ 200 [0.03, 127.0.0.1:36100][0m
INFO 2025-08-05 14:14:30,933 runserver [mHTTP GET /administracao/whatsapp/account/1/templates/ 200 [0.05, 127.0.0.1:36100][0m
INFO 2025-08-05 14:14:30,947 runserver [36mHTTP GET /static/logo_gruporom.svg 304 [0.00, 127.0.0.1:36100][0m
ERROR 2025-08-05 14:14:47,144 log Internal Server Error: /administracao/whatsapp/template/1/preview/
Traceback (most recent call last):
  File "/home/thiago/Projetos/gruporom/.venv/lib/python3.11/site-packages/asgiref/sync.py", line 489, in thread_handler
    raise exc_info[1]
  File "/home/thiago/Projetos/gruporom/.venv/lib/python3.11/site-packages/django/core/handlers/exception.py", line 42, in inner
    response = await get_response(request)
               ^^^^^^^^^^^^^^^^^^^^^^^^^^^
  File "/home/thiago/Projetos/gruporom/.venv/lib/python3.11/site-packages/asgiref/sync.py", line 489, in thread_handler
    raise exc_info[1]
  File "/home/thiago/Projetos/gruporom/.venv/lib/python3.11/site-packages/django/core/handlers/base.py", line 253, in _get_response_async
    response = await wrapped_callback(
               ^^^^^^^^^^^^^^^^^^^^^^^
  File "/home/thiago/Projetos/gruporom/.venv/lib/python3.11/site-packages/asgiref/sync.py", line 439, in __call__
    ret = await asyncio.shield(exec_coro)
          ^^^^^^^^^^^^^^^^^^^^^^^^^^^^^^^
  File "/home/thiago/.local/share/uv/python/cpython-3.11.13-linux-x86_64-gnu/lib/python3.11/concurrent/futures/thread.py", line 58, in run
    result = self.fn(*self.args, **self.kwargs)
             ^^^^^^^^^^^^^^^^^^^^^^^^^^^^^^^^^^
  File "/home/thiago/Projetos/gruporom/.venv/lib/python3.11/site-packages/asgiref/sync.py", line 493, in thread_handler
    return func(*args, **kwargs)
           ^^^^^^^^^^^^^^^^^^^^^
  File "/home/thiago/.local/share/uv/python/cpython-3.11.13-linux-x86_64-gnu/lib/python3.11/contextlib.py", line 81, in inner
    return func(*args, **kwds)
           ^^^^^^^^^^^^^^^^^^^
  File "/home/thiago/Projetos/gruporom/.venv/lib/python3.11/site-packages/django/contrib/auth/decorators.py", line 59, in _view_wrapper
    return view_func(request, *args, **kwargs)
           ^^^^^^^^^^^^^^^^^^^^^^^^^^^^^^^^^^^
  File "/home/thiago/Projetos/gruporom/core/decorators.py", line 43, in wrapper
    return view_func(request, *args, **kwargs)
           ^^^^^^^^^^^^^^^^^^^^^^^^^^^^^^^^^^^
  File "/home/thiago/Projetos/gruporom/core/views/administracao/whatsapp.py", line 559, in template_preview_modal
    return render(request, 'administracao/whatsapp/modals/template_preview.html', {
           ^^^^^^^^^^^^^^^^^^^^^^^^^^^^^^^^^^^^^^^^^^^^^^^^^^^^^^^^^^^^^^^^^^^^^^^^
  File "/home/thiago/Projetos/gruporom/.venv/lib/python3.11/site-packages/django/shortcuts.py", line 25, in render
    content = loader.render_to_string(template_name, context, request, using=using)
              ^^^^^^^^^^^^^^^^^^^^^^^^^^^^^^^^^^^^^^^^^^^^^^^^^^^^^^^^^^^^^^^^^^^^^
  File "/home/thiago/Projetos/gruporom/.venv/lib/python3.11/site-packages/django/template/loader.py", line 61, in render_to_string
    template = get_template(template_name, using=using)
               ^^^^^^^^^^^^^^^^^^^^^^^^^^^^^^^^^^^^^^^^
  File "/home/thiago/Projetos/gruporom/.venv/lib/python3.11/site-packages/django/template/loader.py", line 15, in get_template
    return engine.get_template(template_name)
           ^^^^^^^^^^^^^^^^^^^^^^^^^^^^^^^^^^
  File "/home/thiago/Projetos/gruporom/.venv/lib/python3.11/site-packages/django/template/backends/django.py", line 79, in get_template
    return Template(self.engine.get_template(template_name), self)
                    ^^^^^^^^^^^^^^^^^^^^^^^^^^^^^^^^^^^^^^^
  File "/home/thiago/Projetos/gruporom/.venv/lib/python3.11/site-packages/django/template/engine.py", line 177, in get_template
    template, origin = self.find_template(template_name)
                       ^^^^^^^^^^^^^^^^^^^^^^^^^^^^^^^^^
  File "/home/thiago/Projetos/gruporom/.venv/lib/python3.11/site-packages/django/template/engine.py", line 159, in find_template
    template = loader.get_template(name, skip=skip)
               ^^^^^^^^^^^^^^^^^^^^^^^^^^^^^^^^^^^^
  File "/home/thiago/Projetos/gruporom/.venv/lib/python3.11/site-packages/django/template/loaders/cached.py", line 57, in get_template
    template = super().get_template(template_name, skip)
               ^^^^^^^^^^^^^^^^^^^^^^^^^^^^^^^^^^^^^^^^^
  File "/home/thiago/Projetos/gruporom/.venv/lib/python3.11/site-packages/django/template/loaders/base.py", line 28, in get_template
    return Template(
           ^^^^^^^^^
  File "/home/thiago/Projetos/gruporom/.venv/lib/python3.11/site-packages/django/template/base.py", line 154, in __init__
    self.nodelist = self.compile_nodelist()
                    ^^^^^^^^^^^^^^^^^^^^^^^
  File "/home/thiago/Projetos/gruporom/.venv/lib/python3.11/site-packages/django/template/base.py", line 196, in compile_nodelist
    nodelist = parser.parse()
               ^^^^^^^^^^^^^^
  File "/home/thiago/Projetos/gruporom/.venv/lib/python3.11/site-packages/django/template/base.py", line 518, in parse
    raise self.error(token, e)
  File "/home/thiago/Projetos/gruporom/.venv/lib/python3.11/site-packages/django/template/base.py", line 516, in parse
    compiled_result = compile_func(self, token)
                      ^^^^^^^^^^^^^^^^^^^^^^^^^
  File "/home/thiago/Projetos/gruporom/.venv/lib/python3.11/site-packages/django/template/defaulttags.py", line 962, in do_if
    nodelist = parser.parse(("elif", "else", "endif"))
               ^^^^^^^^^^^^^^^^^^^^^^^^^^^^^^^^^^^^^^^
  File "/home/thiago/Projetos/gruporom/.venv/lib/python3.11/site-packages/django/template/base.py", line 518, in parse
    raise self.error(token, e)
  File "/home/thiago/Projetos/gruporom/.venv/lib/python3.11/site-packages/django/template/base.py", line 516, in parse
    compiled_result = compile_func(self, token)
                      ^^^^^^^^^^^^^^^^^^^^^^^^^
  File "/home/thiago/Projetos/gruporom/.venv/lib/python3.11/site-packages/django/template/defaulttags.py", line 862, in do_for
    nodelist_loop = parser.parse(
                    ^^^^^^^^^^^^^
  File "/home/thiago/Projetos/gruporom/.venv/lib/python3.11/site-packages/django/template/base.py", line 518, in parse
    raise self.error(token, e)
  File "/home/thiago/Projetos/gruporom/.venv/lib/python3.11/site-packages/django/template/base.py", line 516, in parse
    compiled_result = compile_func(self, token)
                      ^^^^^^^^^^^^^^^^^^^^^^^^^
  File "/home/thiago/Projetos/gruporom/.venv/lib/python3.11/site-packages/django/template/defaulttags.py", line 962, in do_if
    nodelist = parser.parse(("elif", "else", "endif"))
               ^^^^^^^^^^^^^^^^^^^^^^^^^^^^^^^^^^^^^^^
  File "/home/thiago/Projetos/gruporom/.venv/lib/python3.11/site-packages/django/template/base.py", line 489, in parse
    raise self.error(token, e)
  File "/home/thiago/Projetos/gruporom/.venv/lib/python3.11/site-packages/django/template/base.py", line 487, in parse
    filter_expression = self.compile_filter(token.contents)
                        ^^^^^^^^^^^^^^^^^^^^^^^^^^^^^^^^^^^
  File "/home/thiago/Projetos/gruporom/.venv/lib/python3.11/site-packages/django/template/base.py", line 609, in compile_filter
    return FilterExpression(token, self)
           ^^^^^^^^^^^^^^^^^^^^^^^^^^^^^
  File "/home/thiago/Projetos/gruporom/.venv/lib/python3.11/site-packages/django/template/base.py", line 710, in __init__
    raise TemplateSyntaxError(
django.template.exceptions.TemplateSyntaxError: Could not parse the remainder: '{{ var_num' from '{{ var_num'
ERROR 2025-08-05 14:14:47,147 runserver [35;1mHTTP GET /administracao/whatsapp/template/1/preview/ 500 [0.04, 127.0.0.1:36100][0m
INFO 2025-08-05 14:16:40,091 runserver [mHTTP GET /administracao/whatsapp/account/1/templates/ 200 [0.04, 127.0.0.1:51014][0m
ERROR 2025-08-05 14:16:59,042 log Internal Server Error: /administracao/whatsapp/template/1/preview/
Traceback (most recent call last):
  File "/home/thiago/Projetos/gruporom/.venv/lib/python3.11/site-packages/asgiref/sync.py", line 489, in thread_handler
    raise exc_info[1]
  File "/home/thiago/Projetos/gruporom/.venv/lib/python3.11/site-packages/django/core/handlers/exception.py", line 42, in inner
    response = await get_response(request)
               ^^^^^^^^^^^^^^^^^^^^^^^^^^^
  File "/home/thiago/Projetos/gruporom/.venv/lib/python3.11/site-packages/asgiref/sync.py", line 489, in thread_handler
    raise exc_info[1]
  File "/home/thiago/Projetos/gruporom/.venv/lib/python3.11/site-packages/django/core/handlers/base.py", line 253, in _get_response_async
    response = await wrapped_callback(
               ^^^^^^^^^^^^^^^^^^^^^^^
  File "/home/thiago/Projetos/gruporom/.venv/lib/python3.11/site-packages/asgiref/sync.py", line 439, in __call__
    ret = await asyncio.shield(exec_coro)
          ^^^^^^^^^^^^^^^^^^^^^^^^^^^^^^^
  File "/home/thiago/.local/share/uv/python/cpython-3.11.13-linux-x86_64-gnu/lib/python3.11/concurrent/futures/thread.py", line 58, in run
    result = self.fn(*self.args, **self.kwargs)
             ^^^^^^^^^^^^^^^^^^^^^^^^^^^^^^^^^^
  File "/home/thiago/Projetos/gruporom/.venv/lib/python3.11/site-packages/asgiref/sync.py", line 493, in thread_handler
    return func(*args, **kwargs)
           ^^^^^^^^^^^^^^^^^^^^^
  File "/home/thiago/.local/share/uv/python/cpython-3.11.13-linux-x86_64-gnu/lib/python3.11/contextlib.py", line 81, in inner
    return func(*args, **kwds)
           ^^^^^^^^^^^^^^^^^^^
  File "/home/thiago/Projetos/gruporom/.venv/lib/python3.11/site-packages/django/contrib/auth/decorators.py", line 59, in _view_wrapper
    return view_func(request, *args, **kwargs)
           ^^^^^^^^^^^^^^^^^^^^^^^^^^^^^^^^^^^
  File "/home/thiago/Projetos/gruporom/core/decorators.py", line 43, in wrapper
    return view_func(request, *args, **kwargs)
           ^^^^^^^^^^^^^^^^^^^^^^^^^^^^^^^^^^^
  File "/home/thiago/Projetos/gruporom/core/views/administracao/whatsapp.py", line 559, in template_preview_modal
    return render(request, 'administracao/whatsapp/modals/template_preview.html', {
           ^^^^^^^^^^^^^^^^^^^^^^^^^^^^^^^^^^^^^^^^^^^^^^^^^^^^^^^^^^^^^^^^^^^^^^^^
  File "/home/thiago/Projetos/gruporom/.venv/lib/python3.11/site-packages/django/shortcuts.py", line 25, in render
    content = loader.render_to_string(template_name, context, request, using=using)
              ^^^^^^^^^^^^^^^^^^^^^^^^^^^^^^^^^^^^^^^^^^^^^^^^^^^^^^^^^^^^^^^^^^^^^
  File "/home/thiago/Projetos/gruporom/.venv/lib/python3.11/site-packages/django/template/loader.py", line 61, in render_to_string
    template = get_template(template_name, using=using)
               ^^^^^^^^^^^^^^^^^^^^^^^^^^^^^^^^^^^^^^^^
  File "/home/thiago/Projetos/gruporom/.venv/lib/python3.11/site-packages/django/template/loader.py", line 15, in get_template
    return engine.get_template(template_name)
           ^^^^^^^^^^^^^^^^^^^^^^^^^^^^^^^^^^
  File "/home/thiago/Projetos/gruporom/.venv/lib/python3.11/site-packages/django/template/backends/django.py", line 79, in get_template
    return Template(self.engine.get_template(template_name), self)
                    ^^^^^^^^^^^^^^^^^^^^^^^^^^^^^^^^^^^^^^^
  File "/home/thiago/Projetos/gruporom/.venv/lib/python3.11/site-packages/django/template/engine.py", line 177, in get_template
    template, origin = self.find_template(template_name)
                       ^^^^^^^^^^^^^^^^^^^^^^^^^^^^^^^^^
  File "/home/thiago/Projetos/gruporom/.venv/lib/python3.11/site-packages/django/template/engine.py", line 159, in find_template
    template = loader.get_template(name, skip=skip)
               ^^^^^^^^^^^^^^^^^^^^^^^^^^^^^^^^^^^^
  File "/home/thiago/Projetos/gruporom/.venv/lib/python3.11/site-packages/django/template/loaders/cached.py", line 57, in get_template
    template = super().get_template(template_name, skip)
               ^^^^^^^^^^^^^^^^^^^^^^^^^^^^^^^^^^^^^^^^^
  File "/home/thiago/Projetos/gruporom/.venv/lib/python3.11/site-packages/django/template/loaders/base.py", line 28, in get_template
    return Template(
           ^^^^^^^^^
  File "/home/thiago/Projetos/gruporom/.venv/lib/python3.11/site-packages/django/template/base.py", line 154, in __init__
    self.nodelist = self.compile_nodelist()
                    ^^^^^^^^^^^^^^^^^^^^^^^
  File "/home/thiago/Projetos/gruporom/.venv/lib/python3.11/site-packages/django/template/base.py", line 196, in compile_nodelist
    nodelist = parser.parse()
               ^^^^^^^^^^^^^^
  File "/home/thiago/Projetos/gruporom/.venv/lib/python3.11/site-packages/django/template/base.py", line 518, in parse
    raise self.error(token, e)
  File "/home/thiago/Projetos/gruporom/.venv/lib/python3.11/site-packages/django/template/base.py", line 516, in parse
    compiled_result = compile_func(self, token)
                      ^^^^^^^^^^^^^^^^^^^^^^^^^
  File "/home/thiago/Projetos/gruporom/.venv/lib/python3.11/site-packages/django/template/defaulttags.py", line 962, in do_if
    nodelist = parser.parse(("elif", "else", "endif"))
               ^^^^^^^^^^^^^^^^^^^^^^^^^^^^^^^^^^^^^^^
  File "/home/thiago/Projetos/gruporom/.venv/lib/python3.11/site-packages/django/template/base.py", line 518, in parse
    raise self.error(token, e)
  File "/home/thiago/Projetos/gruporom/.venv/lib/python3.11/site-packages/django/template/base.py", line 516, in parse
    compiled_result = compile_func(self, token)
                      ^^^^^^^^^^^^^^^^^^^^^^^^^
  File "/home/thiago/Projetos/gruporom/.venv/lib/python3.11/site-packages/django/template/defaulttags.py", line 862, in do_for
    nodelist_loop = parser.parse(
                    ^^^^^^^^^^^^^
  File "/home/thiago/Projetos/gruporom/.venv/lib/python3.11/site-packages/django/template/base.py", line 518, in parse
    raise self.error(token, e)
  File "/home/thiago/Projetos/gruporom/.venv/lib/python3.11/site-packages/django/template/base.py", line 516, in parse
    compiled_result = compile_func(self, token)
                      ^^^^^^^^^^^^^^^^^^^^^^^^^
  File "/home/thiago/Projetos/gruporom/.venv/lib/python3.11/site-packages/django/template/defaulttags.py", line 962, in do_if
    nodelist = parser.parse(("elif", "else", "endif"))
               ^^^^^^^^^^^^^^^^^^^^^^^^^^^^^^^^^^^^^^^
  File "/home/thiago/Projetos/gruporom/.venv/lib/python3.11/site-packages/django/template/base.py", line 489, in parse
    raise self.error(token, e)
  File "/home/thiago/Projetos/gruporom/.venv/lib/python3.11/site-packages/django/template/base.py", line 487, in parse
    filter_expression = self.compile_filter(token.contents)
                        ^^^^^^^^^^^^^^^^^^^^^^^^^^^^^^^^^^^
  File "/home/thiago/Projetos/gruporom/.venv/lib/python3.11/site-packages/django/template/base.py", line 609, in compile_filter
    return FilterExpression(token, self)
           ^^^^^^^^^^^^^^^^^^^^^^^^^^^^^
  File "/home/thiago/Projetos/gruporom/.venv/lib/python3.11/site-packages/django/template/base.py", line 710, in __init__
    raise TemplateSyntaxError(
django.template.exceptions.TemplateSyntaxError: Could not parse the remainder: '{{ var_num' from '{{ var_num'
ERROR 2025-08-05 14:16:59,045 runserver [35;1mHTTP GET /administracao/whatsapp/template/1/preview/ 500 [0.04, 127.0.0.1:51014][0m
INFO 2025-08-05 14:17:02,607 runserver [mHTTP GET /administracao/whatsapp/template/1/edit/ 200 [0.04, 127.0.0.1:51014][0m
INFO 2025-08-05 14:18:47,005 runserver [mHTTP GET /administracao/whatsapp/template/1/edit/ 200 [0.04, 127.0.0.1:40044][0m
INFO 2025-08-05 14:18:49,809 runserver [mHTTP POST /administracao/whatsapp/template/1/edit/ 200 [0.05, 127.0.0.1:40044][0m
INFO 2025-08-05 14:18:49,894 runserver [mHTTP GET /administracao/whatsapp/account/1/templates/ 200 [0.05, 127.0.0.1:40044][0m
INFO 2025-08-05 14:18:49,909 runserver [36mHTTP GET /static/style.css 304 [0.00, 127.0.0.1:40044][0m
INFO 2025-08-05 14:18:49,910 runserver [36mHTTP GET /static/app.js 304 [0.00, 127.0.0.1:40072][0m
INFO 2025-08-05 14:18:49,911 runserver [36mHTTP GET /static/app.css 304 [0.00, 127.0.0.1:40060][0m
ERROR 2025-08-05 14:19:06,874 log Internal Server Error: /administracao/whatsapp/template/1/preview/
Traceback (most recent call last):
  File "/home/thiago/Projetos/gruporom/.venv/lib/python3.11/site-packages/asgiref/sync.py", line 489, in thread_handler
    raise exc_info[1]
  File "/home/thiago/Projetos/gruporom/.venv/lib/python3.11/site-packages/django/core/handlers/exception.py", line 42, in inner
    response = await get_response(request)
               ^^^^^^^^^^^^^^^^^^^^^^^^^^^
  File "/home/thiago/Projetos/gruporom/.venv/lib/python3.11/site-packages/asgiref/sync.py", line 489, in thread_handler
    raise exc_info[1]
  File "/home/thiago/Projetos/gruporom/.venv/lib/python3.11/site-packages/django/core/handlers/base.py", line 253, in _get_response_async
    response = await wrapped_callback(
               ^^^^^^^^^^^^^^^^^^^^^^^
  File "/home/thiago/Projetos/gruporom/.venv/lib/python3.11/site-packages/asgiref/sync.py", line 439, in __call__
    ret = await asyncio.shield(exec_coro)
          ^^^^^^^^^^^^^^^^^^^^^^^^^^^^^^^
  File "/home/thiago/.local/share/uv/python/cpython-3.11.13-linux-x86_64-gnu/lib/python3.11/concurrent/futures/thread.py", line 58, in run
    result = self.fn(*self.args, **self.kwargs)
             ^^^^^^^^^^^^^^^^^^^^^^^^^^^^^^^^^^
  File "/home/thiago/Projetos/gruporom/.venv/lib/python3.11/site-packages/asgiref/sync.py", line 493, in thread_handler
    return func(*args, **kwargs)
           ^^^^^^^^^^^^^^^^^^^^^
  File "/home/thiago/.local/share/uv/python/cpython-3.11.13-linux-x86_64-gnu/lib/python3.11/contextlib.py", line 81, in inner
    return func(*args, **kwds)
           ^^^^^^^^^^^^^^^^^^^
  File "/home/thiago/Projetos/gruporom/.venv/lib/python3.11/site-packages/django/contrib/auth/decorators.py", line 59, in _view_wrapper
    return view_func(request, *args, **kwargs)
           ^^^^^^^^^^^^^^^^^^^^^^^^^^^^^^^^^^^
  File "/home/thiago/Projetos/gruporom/core/decorators.py", line 43, in wrapper
    return view_func(request, *args, **kwargs)
           ^^^^^^^^^^^^^^^^^^^^^^^^^^^^^^^^^^^
  File "/home/thiago/Projetos/gruporom/core/views/administracao/whatsapp.py", line 559, in template_preview_modal
    return render(request, 'administracao/whatsapp/modals/template_preview.html', {
           ^^^^^^^^^^^^^^^^^^^^^^^^^^^^^^^^^^^^^^^^^^^^^^^^^^^^^^^^^^^^^^^^^^^^^^^^
  File "/home/thiago/Projetos/gruporom/.venv/lib/python3.11/site-packages/django/shortcuts.py", line 25, in render
    content = loader.render_to_string(template_name, context, request, using=using)
              ^^^^^^^^^^^^^^^^^^^^^^^^^^^^^^^^^^^^^^^^^^^^^^^^^^^^^^^^^^^^^^^^^^^^^
  File "/home/thiago/Projetos/gruporom/.venv/lib/python3.11/site-packages/django/template/loader.py", line 61, in render_to_string
    template = get_template(template_name, using=using)
               ^^^^^^^^^^^^^^^^^^^^^^^^^^^^^^^^^^^^^^^^
  File "/home/thiago/Projetos/gruporom/.venv/lib/python3.11/site-packages/django/template/loader.py", line 15, in get_template
    return engine.get_template(template_name)
           ^^^^^^^^^^^^^^^^^^^^^^^^^^^^^^^^^^
  File "/home/thiago/Projetos/gruporom/.venv/lib/python3.11/site-packages/django/template/backends/django.py", line 79, in get_template
    return Template(self.engine.get_template(template_name), self)
                    ^^^^^^^^^^^^^^^^^^^^^^^^^^^^^^^^^^^^^^^
  File "/home/thiago/Projetos/gruporom/.venv/lib/python3.11/site-packages/django/template/engine.py", line 177, in get_template
    template, origin = self.find_template(template_name)
                       ^^^^^^^^^^^^^^^^^^^^^^^^^^^^^^^^^
  File "/home/thiago/Projetos/gruporom/.venv/lib/python3.11/site-packages/django/template/engine.py", line 159, in find_template
    template = loader.get_template(name, skip=skip)
               ^^^^^^^^^^^^^^^^^^^^^^^^^^^^^^^^^^^^
  File "/home/thiago/Projetos/gruporom/.venv/lib/python3.11/site-packages/django/template/loaders/cached.py", line 57, in get_template
    template = super().get_template(template_name, skip)
               ^^^^^^^^^^^^^^^^^^^^^^^^^^^^^^^^^^^^^^^^^
  File "/home/thiago/Projetos/gruporom/.venv/lib/python3.11/site-packages/django/template/loaders/base.py", line 28, in get_template
    return Template(
           ^^^^^^^^^
  File "/home/thiago/Projetos/gruporom/.venv/lib/python3.11/site-packages/django/template/base.py", line 154, in __init__
    self.nodelist = self.compile_nodelist()
                    ^^^^^^^^^^^^^^^^^^^^^^^
  File "/home/thiago/Projetos/gruporom/.venv/lib/python3.11/site-packages/django/template/base.py", line 196, in compile_nodelist
    nodelist = parser.parse()
               ^^^^^^^^^^^^^^
  File "/home/thiago/Projetos/gruporom/.venv/lib/python3.11/site-packages/django/template/base.py", line 518, in parse
    raise self.error(token, e)
  File "/home/thiago/Projetos/gruporom/.venv/lib/python3.11/site-packages/django/template/base.py", line 516, in parse
    compiled_result = compile_func(self, token)
                      ^^^^^^^^^^^^^^^^^^^^^^^^^
  File "/home/thiago/Projetos/gruporom/.venv/lib/python3.11/site-packages/django/template/defaulttags.py", line 962, in do_if
    nodelist = parser.parse(("elif", "else", "endif"))
               ^^^^^^^^^^^^^^^^^^^^^^^^^^^^^^^^^^^^^^^
  File "/home/thiago/Projetos/gruporom/.venv/lib/python3.11/site-packages/django/template/base.py", line 518, in parse
    raise self.error(token, e)
  File "/home/thiago/Projetos/gruporom/.venv/lib/python3.11/site-packages/django/template/base.py", line 516, in parse
    compiled_result = compile_func(self, token)
                      ^^^^^^^^^^^^^^^^^^^^^^^^^
  File "/home/thiago/Projetos/gruporom/.venv/lib/python3.11/site-packages/django/template/defaulttags.py", line 862, in do_for
    nodelist_loop = parser.parse(
                    ^^^^^^^^^^^^^
  File "/home/thiago/Projetos/gruporom/.venv/lib/python3.11/site-packages/django/template/base.py", line 518, in parse
    raise self.error(token, e)
  File "/home/thiago/Projetos/gruporom/.venv/lib/python3.11/site-packages/django/template/base.py", line 516, in parse
    compiled_result = compile_func(self, token)
                      ^^^^^^^^^^^^^^^^^^^^^^^^^
  File "/home/thiago/Projetos/gruporom/.venv/lib/python3.11/site-packages/django/template/defaulttags.py", line 962, in do_if
    nodelist = parser.parse(("elif", "else", "endif"))
               ^^^^^^^^^^^^^^^^^^^^^^^^^^^^^^^^^^^^^^^
  File "/home/thiago/Projetos/gruporom/.venv/lib/python3.11/site-packages/django/template/base.py", line 489, in parse
    raise self.error(token, e)
  File "/home/thiago/Projetos/gruporom/.venv/lib/python3.11/site-packages/django/template/base.py", line 487, in parse
    filter_expression = self.compile_filter(token.contents)
                        ^^^^^^^^^^^^^^^^^^^^^^^^^^^^^^^^^^^
  File "/home/thiago/Projetos/gruporom/.venv/lib/python3.11/site-packages/django/template/base.py", line 609, in compile_filter
    return FilterExpression(token, self)
           ^^^^^^^^^^^^^^^^^^^^^^^^^^^^^
  File "/home/thiago/Projetos/gruporom/.venv/lib/python3.11/site-packages/django/template/base.py", line 710, in __init__
    raise TemplateSyntaxError(
django.template.exceptions.TemplateSyntaxError: Could not parse the remainder: '"' from '"'
ERROR 2025-08-05 14:19:06,877 runserver [35;1mHTTP GET /administracao/whatsapp/template/1/preview/ 500 [0.04, 127.0.0.1:40044][0m
INFO 2025-08-05 14:19:58,167 autoreload /home/thiago/Projetos/gruporom/core/views/administracao/whatsapp.py changed, reloading.
INFO 2025-08-05 14:19:58,526 autoreload Watching for file changes with StatReloader
INFO 2025-08-05 14:20:16,808 autoreload /home/thiago/Projetos/gruporom/core/views/administracao/whatsapp.py changed, reloading.
INFO 2025-08-05 14:20:17,165 autoreload Watching for file changes with StatReloader
INFO 2025-08-05 14:20:34,684 runserver [mHTTP GET /administracao/whatsapp/template/1/edit/ 200 [0.04, 127.0.0.1:52906][0m
INFO 2025-08-05 14:20:37,208 runserver [mHTTP POST /administracao/whatsapp/template/1/edit/ 200 [0.05, 127.0.0.1:52906][0m
INFO 2025-08-05 14:20:37,301 runserver [mHTTP GET /administracao/whatsapp/account/1/templates/ 200 [0.07, 127.0.0.1:52906][0m
INFO 2025-08-05 14:20:59,586 runserver [mHTTP GET /administracao/whatsapp/template/1/preview/ 200 [0.03, 127.0.0.1:52906][0m
INFO 2025-08-05 14:23:33,743 runserver [mHTTP GET /administracao/whatsapp/ 200 [0.07, 127.0.0.1:44768][0m
INFO 2025-08-05 14:23:35,714 runserver [mHTTP GET /administracao/whatsapp/account/1/edit/ 200 [0.03, 127.0.0.1:44790][0m
INFO 2025-08-05 14:23:41,215 runserver [mHTTP POST /administracao/whatsapp/account/1/edit/ 200 [0.05, 127.0.0.1:44790][0m
INFO 2025-08-05 14:23:41,317 runserver [mHTTP GET /administracao/whatsapp/ 200 [0.07, 127.0.0.1:44790][0m
INFO 2025-08-05 14:24:43,493 runserver [mHTTP GET /administracao/whatsapp/account/1/edit/ 200 [0.03, 127.0.0.1:34828][0m
INFO 2025-08-05 14:24:48,697 runserver [mHTTP POST /administracao/whatsapp/account/1/edit/ 200 [0.04, 127.0.0.1:34828][0m
INFO 2025-08-05 14:24:48,765 runserver [mHTTP GET /administracao/whatsapp/ 200 [0.03, 127.0.0.1:34828][0m
INFO 2025-08-05 14:24:51,495 runserver [mHTTP GET /administracao/whatsapp/account/1/test/ 200 [0.01, 127.0.0.1:34828][0m
INFO 2025-08-05 14:24:57,832 runserver [mHTTP GET /administracao/whatsapp/ 200 [0.04, 127.0.0.1:34828][0m
INFO 2025-08-05 14:24:59,998 runserver [mHTTP GET /administracao/whatsapp/account/1/test/ 200 [0.03, 127.0.0.1:34828][0m
INFO 2025-08-05 14:26:17,215 autoreload /home/thiago/Projetos/gruporom/core/forms/whatsapp.py changed, reloading.
INFO 2025-08-05 14:26:17,574 autoreload Watching for file changes with StatReloader
INFO 2025-08-05 14:26:33,862 autoreload /home/thiago/Projetos/gruporom/core/views/administracao/whatsapp.py changed, reloading.
INFO 2025-08-05 14:26:34,217 autoreload Watching for file changes with StatReloader
INFO 2025-08-05 14:26:39,374 autoreload /home/thiago/Projetos/gruporom/core/views/administracao/whatsapp.py changed, reloading.
INFO 2025-08-05 14:26:39,710 autoreload Watching for file changes with StatReloader
INFO 2025-08-05 14:27:10,135 autoreload /home/thiago/Projetos/gruporom/core/views/administracao/whatsapp.py changed, reloading.
INFO 2025-08-05 14:27:10,491 autoreload Watching for file changes with StatReloader
INFO 2025-08-05 14:34:48,762 runserver [mHTTP GET /administracao/whatsapp/account/1/test/ 200 [0.04, 127.0.0.1:44052][0m
INFO 2025-08-05 14:34:56,368 runserver [mHTTP GET /administracao/whatsapp/account/1/templates/ 200 [0.06, 127.0.0.1:44052][0m
INFO 2025-08-05 14:34:56,387 runserver [36mHTTP GET /static/style.css 304 [0.00, 127.0.0.1:52746][0m
INFO 2025-08-05 14:34:56,390 runserver [36mHTTP GET /static/app.css 304 [0.00, 127.0.0.1:52762][0m
INFO 2025-08-05 14:34:56,390 runserver [36mHTTP GET /static/app.js 304 [0.01, 127.0.0.1:44052][0m
